__dispose.........dispose           __new.............new
_abs..............abs               _arctan...........arctan
_chr..............chr               _cos..............cos
_exit.............exit              _exp..............exp
_fabs.............fabs              _formatInteger....formati
_formatReal.......formatr           _ln...............ln
_ord..............ord               _parseInteger.....parsei
_parseReal........parser            _pi...............pi
_readBoolean......readb             _readChar.........readc
_readInteger......readi             _readReal.........readr
_readString.......reads             _round............round
_sin..............sin               _sqrt.............sqrt
_tan..............tan               _trunc............trunc
_writeBoolean.....printb            _writeChar........printc
_writeInteger.....printi            _writeReal........printr
_writeString......prints            

printi            Offset: 00000010H  Code and data size: 3cH
  _writeInteger   

readi             Offset: 000000f0H  Code and data size: 136H
  _readInteger    

printc            Offset: 000001c0H  Code and data size: 1dH
  _writeChar      

readc             Offset: 00000240H  Code and data size: 16H
  _readChar       

printb            Offset: 000002b0H  Code and data size: 29H
  _writeBoolean   

readb             Offset: 00000350H  Code and data size: 13aH
  _readBoolean    

printr            Offset: 00000410H  Code and data size: 93H
  _writeReal      

readr             Offset: 00000500H  Code and data size: 136H
  _readReal       

prints            Offset: 000005d0H  Code and data size: 22H
  _writeString    

reads             Offset: 00000650H  Code and data size: 74H
  _readString     

new               Offset: 00000720H  Code and data size: 17H
  __new           

dispose           Offset: 000007a0H  Code and data size: 1H
  __dispose       

exit              Offset: 00000800H  Code and data size: aH
  _exit           

abs               Offset: 00000860H  Code and data size: 13H
  _abs            

fabs              Offset: 000008d0H  Code and data size: 12H
  _fabs           

sqrt              Offset: 00000940H  Code and data size: 12H
  _sqrt           

sin               Offset: 000009b0H  Code and data size: 2bH
  _sin            

cos               Offset: 00000a40H  Code and data size: 31H
  _cos            

tan               Offset: 00000ad0H  Code and data size: 18H
  _tan            

arctan            Offset: 00000b40H  Code and data size: 15H
  _arctan         

pi                Offset: 00000bb0H  Code and data size: eH
  _pi             

exp               Offset: 00000c10H  Code and data size: 1eH
  _exp            

ln                Offset: 00000c80H  Code and data size: 1bH
  _ln             

trunc             Offset: 00000cf0H  Code and data size: 27H
  _trunc          

round             Offset: 00000d90H  Code and data size: 51H
  _round          

ord               Offset: 00000e80H  Code and data size: fH
  _ord            

chr               Offset: 00000ee0H  Code and data size: dH
  _chr            

formati           Offset: 00000f40H  Code and data size: 16bH
  _formatInteger  

formatr           Offset: 00001140H  Code and data size: 738H
  _formatReal     

parsei            Offset: 000019e0H  Code and data size: b9H
  _parseInteger   

parser            Offset: 00001b00H  Code and data size: 1f9H
  _parseReal      
